2020-06-29 11:57:14,291 INFO o.a.j.u.JMeterUtils: Setting Locale to en_EN
2020-06-29 11:57:14,304 INFO o.a.j.JMeter: Loading user properties from: C:\jmeter\bin\user.properties
2020-06-29 11:57:14,305 INFO o.a.j.JMeter: Loading system properties from: C:\jmeter\bin\system.properties
2020-06-29 11:57:14,310 INFO o.a.j.JMeter: Copyright (c) 1998-2019 The Apache Software Foundation
2020-06-29 11:57:14,310 INFO o.a.j.JMeter: Version 5.1.1 r1855137
2020-06-29 11:57:14,310 INFO o.a.j.JMeter: java.version=1.8.0_191
2020-06-29 11:57:14,310 INFO o.a.j.JMeter: java.vm.name=Java HotSpot(TM) 64-Bit Server VM
2020-06-29 11:57:14,310 INFO o.a.j.JMeter: os.name=Windows 10
2020-06-29 11:57:14,310 INFO o.a.j.JMeter: os.arch=amd64
2020-06-29 11:57:14,310 INFO o.a.j.JMeter: os.version=10.0
2020-06-29 11:57:14,310 INFO o.a.j.JMeter: file.encoding=Cp1252
2020-06-29 11:57:14,310 INFO o.a.j.JMeter: java.awt.headless=true
2020-06-29 11:57:14,310 INFO o.a.j.JMeter: Max memory     =1073741824
2020-06-29 11:57:14,310 INFO o.a.j.JMeter: Available Processors =12
2020-06-29 11:57:14,322 INFO o.a.j.JMeter: Default Locale=English (EN)
2020-06-29 11:57:14,322 INFO o.a.j.JMeter: JMeter  Locale=English (EN)
2020-06-29 11:57:14,322 INFO o.a.j.JMeter: JMeterHome=C:\jmeter
2020-06-29 11:57:14,322 INFO o.a.j.JMeter: user.dir  =C:\Users\gnome\Desktop\curso_performance_test
2020-06-29 11:57:14,323 INFO o.a.j.JMeter: PWD       =C:\Users\gnome\Desktop\curso_performance_test
2020-06-29 11:57:23,330 INFO o.a.j.JMeter: IP: 169.254.156.149 Name: DESKTOP-EJ47PRO FullName: DESKTOP-EJ47PRO
2020-06-29 11:57:23,332 INFO o.a.j.JMeter: Setting property 'jmeter.reportgenerator.outputdir' to:'C:\Users\gnome\Desktop\curso_performance_test\nossaDash'
2020-06-29 11:57:23,334 INFO o.a.j.s.FileServer: Default base='C:\Users\gnome\Desktop\curso_performance_test'
2020-06-29 11:57:23,338 INFO o.a.j.s.FileServer: Set new base='C:\Users\gnome\Desktop\curso_performance_test'
2020-06-29 11:57:23,444 INFO o.a.j.s.SaveService: Testplan (JMX) version: 2.2. Testlog (JTL) version: 2.2
2020-06-29 11:57:23,457 INFO o.a.j.s.SaveService: Using SaveService properties file encoding UTF-8
2020-06-29 11:57:23,461 INFO o.a.j.s.SaveService: Using SaveService properties version 5.0
2020-06-29 11:57:23,466 INFO o.a.j.s.SaveService: Loading file: exeLinhaDeComando.jmx
2020-06-29 11:57:23,508 INFO o.a.j.p.h.s.HTTPSamplerBase: Parser for text/html is org.apache.jmeter.protocol.http.parser.LagartoBasedHtmlParser
2020-06-29 11:57:23,508 INFO o.a.j.p.h.s.HTTPSamplerBase: Parser for application/xhtml+xml is org.apache.jmeter.protocol.http.parser.LagartoBasedHtmlParser
2020-06-29 11:57:23,508 INFO o.a.j.p.h.s.HTTPSamplerBase: Parser for application/xml is org.apache.jmeter.protocol.http.parser.LagartoBasedHtmlParser
2020-06-29 11:57:23,508 INFO o.a.j.p.h.s.HTTPSamplerBase: Parser for text/xml is org.apache.jmeter.protocol.http.parser.LagartoBasedHtmlParser
2020-06-29 11:57:23,508 INFO o.a.j.p.h.s.HTTPSamplerBase: Parser for text/vnd.wap.wml is org.apache.jmeter.protocol.http.parser.RegexpHTMLParser
2020-06-29 11:57:23,508 INFO o.a.j.p.h.s.HTTPSamplerBase: Parser for text/css is org.apache.jmeter.protocol.http.parser.CssParser
2020-06-29 11:57:23,529 INFO o.a.j.JMeter: Creating summariser <summary>
2020-06-29 11:57:23,533 INFO o.a.j.r.d.ReportGenerator: ReportGenerator will use for Parsing the separator: ','
2020-06-29 11:57:23,534 INFO o.a.j.r.d.ReportGenerator: Will generate report at end of test from  results file: resultado.jtl
2020-06-29 11:57:23,534 INFO o.a.j.r.d.ReportGenerator: Reading report generator properties from: C:\jmeter\bin\reportgenerator.properties
2020-06-29 11:57:23,534 INFO o.a.j.r.d.ReportGenerator: Merging with JMeter properties
2020-06-29 11:57:23,538 INFO o.a.j.r.c.ReportGeneratorConfiguration: Property 'jmeter.reportgenerator.temp_dir' not found, using default value 'temp' instead.
2020-06-29 11:57:23,541 INFO o.a.j.r.c.ReportGeneratorConfiguration: Property 'jmeter.reportgenerator.apdex_per_transaction' not found, using default value 'null' instead.
2020-06-29 11:57:23,541 INFO o.a.j.r.c.ReportGeneratorConfiguration: apdex_per_transaction : {} is empty, not APDEX per transaction customization
2020-06-29 11:57:23,541 INFO o.a.j.r.c.ReportGeneratorConfiguration: Property 'jmeter.reportgenerator.sample_filter' not found, using default value 'null' instead.
2020-06-29 11:57:23,541 INFO o.a.j.r.c.ReportGeneratorConfiguration: Property 'jmeter.reportgenerator.report_title' not found, using default value 'null' instead.
2020-06-29 11:57:23,541 INFO o.a.j.r.c.ReportGeneratorConfiguration: Property 'jmeter.reportgenerator.start_date' not found, using default value 'null' instead.
2020-06-29 11:57:23,541 INFO o.a.j.r.c.ReportGeneratorConfiguration: Property 'jmeter.reportgenerator.end_date' not found, using default value 'null' instead.
2020-06-29 11:57:23,541 INFO o.a.j.r.c.ReportGeneratorConfiguration: Property 'jmeter.reportgenerator.date_format' not found, using default value 'null' instead.
2020-06-29 11:57:23,542 INFO o.a.j.r.c.ReportGeneratorConfiguration: Will use date range start date: null, end date: null
2020-06-29 11:57:23,545 INFO o.a.j.r.c.ReportGeneratorConfiguration: Property 'jmeter.reportgenerator.graph.totalTPS.exclude_controllers' not found, using default value 'false' instead.
2020-06-29 11:57:23,546 INFO o.a.j.r.c.ReportGeneratorConfiguration: Property 'jmeter.reportgenerator.graph.activeThreadsOverTime.exclude_controllers' not found, using default value 'false' instead.
2020-06-29 11:57:23,546 INFO o.a.j.r.c.ReportGeneratorConfiguration: Property 'jmeter.reportgenerator.graph.timeVsThreads.exclude_controllers' not found, using default value 'false' instead.
2020-06-29 11:57:23,546 INFO o.a.j.r.c.ReportGeneratorConfiguration: Property 'jmeter.reportgenerator.graph.responseTimeDistribution.exclude_controllers' not found, using default value 'false' instead.
2020-06-29 11:57:23,546 INFO o.a.j.r.c.ReportGeneratorConfiguration: Property 'jmeter.reportgenerator.graph.transactionsPerSecond.exclude_controllers' not found, using default value 'false' instead.
2020-06-29 11:57:23,546 INFO o.a.j.r.c.ReportGeneratorConfiguration: Property 'jmeter.reportgenerator.graph.responseTimePercentiles.exclude_controllers' not found, using default value 'false' instead.
2020-06-29 11:57:23,546 INFO o.a.j.r.c.ReportGeneratorConfiguration: Property 'jmeter.reportgenerator.graph.responseTimePercentilesOverTime.exclude_controllers' not found, using default value 'false' instead.
2020-06-29 11:57:23,547 INFO o.a.j.r.c.ReportGeneratorConfiguration: Property 'jmeter.reportgenerator.graph.responseTimesOverTime.exclude_controllers' not found, using default value 'false' instead.
2020-06-29 11:57:23,547 INFO o.a.j.r.c.ReportGeneratorConfiguration: Property 'jmeter.reportgenerator.graph.connectTimeOverTime.exclude_controllers' not found, using default value 'false' instead.
2020-06-29 11:57:23,547 INFO o.a.j.r.c.ReportGeneratorConfiguration: Property 'jmeter.reportgenerator.graph.latenciesOverTime.exclude_controllers' not found, using default value 'false' instead.
2020-06-29 11:57:23,548 INFO o.a.j.r.c.ReportGeneratorConfiguration: Property 'jmeter.reportgenerator.exporter.json.filters_only_sample_series' not found, using default value 'true' instead.
2020-06-29 11:57:23,548 INFO o.a.j.r.c.ReportGeneratorConfiguration: Property 'jmeter.reportgenerator.exporter.json.series_filter' not found, using default value '' instead.
2020-06-29 11:57:23,548 INFO o.a.j.r.c.ReportGeneratorConfiguration: Property 'jmeter.reportgenerator.exporter.json.show_controllers_only' not found, using default value 'false' instead.
2020-06-29 11:57:23,548 INFO o.a.j.r.c.ReportGeneratorConfiguration: Property 'jmeter.reportgenerator.exporter.html.filters_only_sample_series' not found, using default value 'true' instead.
2020-06-29 11:57:23,548 INFO o.a.j.r.c.ReportGeneratorConfiguration: Property 'jmeter.reportgenerator.exporter.html.series_filter' not found, using default value '' instead.
2020-06-29 11:57:23,548 INFO o.a.j.r.c.ReportGeneratorConfiguration: Property 'jmeter.reportgenerator.exporter.html.show_controllers_only' not found, using default value 'false' instead.
2020-06-29 11:57:23,554 INFO o.a.j.e.StandardJMeterEngine: Running the test!
2020-06-29 11:57:23,555 INFO o.a.j.s.SampleEvent: List of sample_variables: []
2020-06-29 11:57:23,555 INFO o.a.j.s.SampleEvent: List of sample_variables: []
2020-06-29 11:57:23,561 INFO o.a.j.e.u.CompoundVariable: Note: Function class names must contain the string: '.functions.'
2020-06-29 11:57:23,561 INFO o.a.j.e.u.CompoundVariable: Note: Function class names must not contain the string: '.gui.'
2020-06-29 11:57:23,834 INFO o.a.j.JMeter: Running test (1593442643834)
2020-06-29 11:57:23,866 INFO o.a.j.e.StandardJMeterEngine: Starting ThreadGroup: 1 : Grupo de Usuários
2020-06-29 11:57:23,866 INFO o.a.j.e.StandardJMeterEngine: Starting 50 threads for group Grupo de Usuários.
2020-06-29 11:57:23,867 INFO o.a.j.e.StandardJMeterEngine: Thread will continue on error
2020-06-29 11:57:23,867 INFO o.a.j.t.ThreadGroup: Starting thread group... number=1 threads=50 ramp-up=1 delayedStart=false
2020-06-29 11:57:23,874 INFO o.a.j.t.JMeterThread: Thread started: Grupo de Usuários 1-1
2020-06-29 11:57:23,886 INFO o.a.j.t.ThreadGroup: Started thread group number 1
2020-06-29 11:57:23,886 INFO o.a.j.e.StandardJMeterEngine: All thread groups have been started
2020-06-29 11:57:23,890 INFO o.a.j.t.JMeterThread: Thread started: Grupo de Usuários 1-2
2020-06-29 11:57:23,892 INFO o.a.j.p.h.s.HTTPHCAbstractImpl: Local host = DESKTOP-EJ47PRO
2020-06-29 11:57:23,898 INFO o.a.j.p.h.s.HTTPHC4Impl: HTTP request retry count = 0
2020-06-29 11:57:23,900 INFO o.a.j.s.SampleResult: Note: Sample TimeStamps are START times
2020-06-29 11:57:23,900 INFO o.a.j.s.SampleResult: sampleresult.default.encoding is set to ISO-8859-1
2020-06-29 11:57:23,900 INFO o.a.j.s.SampleResult: sampleresult.useNanoTime=true
2020-06-29 11:57:23,900 INFO o.a.j.s.SampleResult: sampleresult.nanoThreadSleep=5000
2020-06-29 11:57:23,910 INFO o.a.j.t.JMeterThread: Thread started: Grupo de Usuários 1-3
2020-06-29 11:57:23,929 INFO o.a.j.t.JMeterThread: Thread started: Grupo de Usuários 1-4
2020-06-29 11:57:23,949 INFO o.a.j.t.JMeterThread: Thread started: Grupo de Usuários 1-5
2020-06-29 11:57:23,968 INFO o.a.j.t.JMeterThread: Thread started: Grupo de Usuários 1-6
2020-06-29 11:57:23,989 INFO o.a.j.t.JMeterThread: Thread started: Grupo de Usuários 1-7
2020-06-29 11:57:24,009 INFO o.a.j.t.JMeterThread: Thread started: Grupo de Usuários 1-8
2020-06-29 11:57:24,028 INFO o.a.j.t.JMeterThread: Thread started: Grupo de Usuários 1-9
2020-06-29 11:57:24,049 INFO o.a.j.t.JMeterThread: Thread started: Grupo de Usuários 1-10
2020-06-29 11:57:24,068 INFO o.a.j.t.JMeterThread: Thread started: Grupo de Usuários 1-11
2020-06-29 11:57:24,087 INFO o.a.j.t.JMeterThread: Thread started: Grupo de Usuários 1-12
2020-06-29 11:57:24,107 INFO o.a.j.t.JMeterThread: Thread started: Grupo de Usuários 1-13
2020-06-29 11:57:24,128 INFO o.a.j.t.JMeterThread: Thread started: Grupo de Usuários 1-14
2020-06-29 11:57:24,147 INFO o.a.j.t.JMeterThread: Thread started: Grupo de Usuários 1-15
2020-06-29 11:57:24,168 INFO o.a.j.t.JMeterThread: Thread started: Grupo de Usuários 1-16
2020-06-29 11:57:24,188 INFO o.a.j.t.JMeterThread: Thread started: Grupo de Usuários 1-17
2020-06-29 11:57:24,207 INFO o.a.j.t.JMeterThread: Thread started: Grupo de Usuários 1-18
2020-06-29 11:57:24,227 INFO o.a.j.t.JMeterThread: Thread started: Grupo de Usuários 1-19
2020-06-29 11:57:24,248 INFO o.a.j.t.JMeterThread: Thread started: Grupo de Usuários 1-20
2020-06-29 11:57:24,267 INFO o.a.j.t.JMeterThread: Thread started: Grupo de Usuários 1-21
2020-06-29 11:57:24,288 INFO o.a.j.t.JMeterThread: Thread started: Grupo de Usuários 1-22
2020-06-29 11:57:24,309 INFO o.a.j.t.JMeterThread: Thread started: Grupo de Usuários 1-23
2020-06-29 11:57:24,329 INFO o.a.j.t.JMeterThread: Thread started: Grupo de Usuários 1-24
2020-06-29 11:57:24,347 INFO o.a.j.t.JMeterThread: Thread started: Grupo de Usuários 1-25
2020-06-29 11:57:24,367 INFO o.a.j.t.JMeterThread: Thread started: Grupo de Usuários 1-26
2020-06-29 11:57:24,387 INFO o.a.j.t.JMeterThread: Thread started: Grupo de Usuários 1-27
2020-06-29 11:57:24,408 INFO o.a.j.t.JMeterThread: Thread started: Grupo de Usuários 1-28
2020-06-29 11:57:24,428 INFO o.a.j.t.JMeterThread: Thread started: Grupo de Usuários 1-29
2020-06-29 11:57:24,448 INFO o.a.j.t.JMeterThread: Thread started: Grupo de Usuários 1-30
2020-06-29 11:57:24,468 INFO o.a.j.t.JMeterThread: Thread started: Grupo de Usuários 1-31
2020-06-29 11:57:24,489 INFO o.a.j.t.JMeterThread: Thread started: Grupo de Usuários 1-32
2020-06-29 11:57:24,508 INFO o.a.j.t.JMeterThread: Thread started: Grupo de Usuários 1-33
2020-06-29 11:57:24,528 INFO o.a.j.t.JMeterThread: Thread started: Grupo de Usuários 1-34
2020-06-29 11:57:24,547 INFO o.a.j.t.JMeterThread: Thread started: Grupo de Usuários 1-35
2020-06-29 11:57:24,567 INFO o.a.j.t.JMeterThread: Thread started: Grupo de Usuários 1-36
2020-06-29 11:57:24,587 INFO o.a.j.t.JMeterThread: Thread started: Grupo de Usuários 1-37
2020-06-29 11:57:24,608 INFO o.a.j.t.JMeterThread: Thread started: Grupo de Usuários 1-38
2020-06-29 11:57:24,627 INFO o.a.j.t.JMeterThread: Thread started: Grupo de Usuários 1-39
2020-06-29 11:57:24,648 INFO o.a.j.t.JMeterThread: Thread started: Grupo de Usuários 1-40
2020-06-29 11:57:24,668 INFO o.a.j.t.JMeterThread: Thread started: Grupo de Usuários 1-41
2020-06-29 11:57:24,687 INFO o.a.j.t.JMeterThread: Thread started: Grupo de Usuários 1-42
2020-06-29 11:57:24,709 INFO o.a.j.t.JMeterThread: Thread started: Grupo de Usuários 1-43
2020-06-29 11:57:24,728 INFO o.a.j.t.JMeterThread: Thread started: Grupo de Usuários 1-44
2020-06-29 11:57:24,748 INFO o.a.j.t.JMeterThread: Thread started: Grupo de Usuários 1-45
2020-06-29 11:57:24,768 INFO o.a.j.t.JMeterThread: Thread started: Grupo de Usuários 1-46
2020-06-29 11:57:24,788 INFO o.a.j.t.JMeterThread: Thread started: Grupo de Usuários 1-47
2020-06-29 11:57:24,809 INFO o.a.j.t.JMeterThread: Thread started: Grupo de Usuários 1-48
2020-06-29 11:57:24,827 INFO o.a.j.t.JMeterThread: Thread started: Grupo de Usuários 1-49
2020-06-29 11:57:24,847 INFO o.a.j.t.JMeterThread: Thread started: Grupo de Usuários 1-50
2020-06-29 11:57:25,647 INFO o.a.j.p.h.s.h.LazyLayeredConnectionSocketFactory: Setting up HTTPS TrustAll Socket Factory
2020-06-29 11:57:25,652 INFO o.a.j.u.JsseSSLManager: Using default SSL protocol: TLS
2020-06-29 11:57:25,652 INFO o.a.j.u.JsseSSLManager: SSL session context: per-thread
2020-06-29 11:57:25,972 INFO o.a.j.u.SSLManager: JmeterKeyStore Location:  type JKS
2020-06-29 11:57:25,973 INFO o.a.j.u.SSLManager: KeyStore created OK
2020-06-29 11:57:25,973 WARN o.a.j.u.SSLManager: Keystore file not found, loading empty keystore
2020-06-29 11:57:30,119 INFO o.a.j.r.Summariser: summary +     43 in 00:00:06 =    6.8/s Avg:  3051 Min:  1375 Max:  5889 Err:     0 (0.00%) Active: 50 Started: 50 Finished: 0
2020-06-29 11:57:33,617 INFO o.a.j.t.JMeterThread: Thread is done: Grupo de Usuários 1-17
2020-06-29 11:57:33,617 INFO o.a.j.t.JMeterThread: Thread finished: Grupo de Usuários 1-17
2020-06-29 11:57:33,864 INFO o.a.j.t.JMeterThread: Thread is done: Grupo de Usuários 1-22
2020-06-29 11:57:33,864 INFO o.a.j.t.JMeterThread: Thread finished: Grupo de Usuários 1-22
2020-06-29 11:57:33,901 INFO o.a.j.t.JMeterThread: Thread is done: Grupo de Usuários 1-47
2020-06-29 11:57:33,901 INFO o.a.j.t.JMeterThread: Thread finished: Grupo de Usuários 1-47
2020-06-29 11:57:34,139 INFO o.a.j.t.JMeterThread: Thread is done: Grupo de Usuários 1-39
2020-06-29 11:57:34,139 INFO o.a.j.t.JMeterThread: Thread finished: Grupo de Usuários 1-39
2020-06-29 11:57:34,723 INFO o.a.j.t.JMeterThread: Thread is done: Grupo de Usuários 1-33
2020-06-29 11:57:34,723 INFO o.a.j.t.JMeterThread: Thread finished: Grupo de Usuários 1-33
2020-06-29 11:57:34,742 INFO o.a.j.t.JMeterThread: Thread is done: Grupo de Usuários 1-8
2020-06-29 11:57:34,742 INFO o.a.j.t.JMeterThread: Thread finished: Grupo de Usuários 1-8
2020-06-29 11:57:34,753 INFO o.a.j.t.JMeterThread: Thread is done: Grupo de Usuários 1-15
2020-06-29 11:57:34,753 INFO o.a.j.t.JMeterThread: Thread finished: Grupo de Usuários 1-15
2020-06-29 11:57:35,390 INFO o.a.j.t.JMeterThread: Thread is done: Grupo de Usuários 1-7
2020-06-29 11:57:35,391 INFO o.a.j.t.JMeterThread: Thread finished: Grupo de Usuários 1-7
2020-06-29 11:57:35,464 INFO o.a.j.t.JMeterThread: Thread is done: Grupo de Usuários 1-43
2020-06-29 11:57:35,464 INFO o.a.j.t.JMeterThread: Thread finished: Grupo de Usuários 1-43
2020-06-29 11:57:35,620 INFO o.a.j.t.JMeterThread: Thread is done: Grupo de Usuários 1-32
2020-06-29 11:57:35,620 INFO o.a.j.t.JMeterThread: Thread finished: Grupo de Usuários 1-32
2020-06-29 11:57:36,036 INFO o.a.j.t.JMeterThread: Thread is done: Grupo de Usuários 1-44
2020-06-29 11:57:36,036 INFO o.a.j.t.JMeterThread: Thread finished: Grupo de Usuários 1-44
2020-06-29 11:57:36,119 INFO o.a.j.t.JMeterThread: Thread is done: Grupo de Usuários 1-27
2020-06-29 11:57:36,119 INFO o.a.j.t.JMeterThread: Thread finished: Grupo de Usuários 1-27
2020-06-29 11:57:36,363 INFO o.a.j.t.JMeterThread: Thread is done: Grupo de Usuários 1-34
2020-06-29 11:57:36,363 INFO o.a.j.t.JMeterThread: Thread finished: Grupo de Usuários 1-34
2020-06-29 11:57:36,545 INFO o.a.j.t.JMeterThread: Thread is done: Grupo de Usuários 1-50
2020-06-29 11:57:36,545 INFO o.a.j.t.JMeterThread: Thread finished: Grupo de Usuários 1-50
2020-06-29 11:57:36,674 INFO o.a.j.t.JMeterThread: Thread is done: Grupo de Usuários 1-23
2020-06-29 11:57:36,674 INFO o.a.j.t.JMeterThread: Thread finished: Grupo de Usuários 1-23
2020-06-29 11:57:36,708 INFO o.a.j.t.JMeterThread: Thread is done: Grupo de Usuários 1-10
2020-06-29 11:57:36,709 INFO o.a.j.t.JMeterThread: Thread finished: Grupo de Usuários 1-10
2020-06-29 11:57:36,817 INFO o.a.j.t.JMeterThread: Thread is done: Grupo de Usuários 1-37
2020-06-29 11:57:36,817 INFO o.a.j.t.JMeterThread: Thread finished: Grupo de Usuários 1-37
2020-06-29 11:57:36,822 INFO o.a.j.t.JMeterThread: Thread is done: Grupo de Usuários 1-14
2020-06-29 11:57:36,822 INFO o.a.j.t.JMeterThread: Thread finished: Grupo de Usuários 1-14
2020-06-29 11:57:36,916 INFO o.a.j.t.JMeterThread: Thread is done: Grupo de Usuários 1-21
2020-06-29 11:57:36,916 INFO o.a.j.t.JMeterThread: Thread finished: Grupo de Usuários 1-21
2020-06-29 11:57:36,998 INFO o.a.j.t.JMeterThread: Thread is done: Grupo de Usuários 1-41
2020-06-29 11:57:36,998 INFO o.a.j.t.JMeterThread: Thread finished: Grupo de Usuários 1-41
2020-06-29 11:57:36,999 INFO o.a.j.t.JMeterThread: Thread is done: Grupo de Usuários 1-25
2020-06-29 11:57:36,999 INFO o.a.j.t.JMeterThread: Thread finished: Grupo de Usuários 1-25
2020-06-29 11:57:37,097 INFO o.a.j.t.JMeterThread: Thread is done: Grupo de Usuários 1-42
2020-06-29 11:57:37,097 INFO o.a.j.t.JMeterThread: Thread finished: Grupo de Usuários 1-42
2020-06-29 11:57:37,170 INFO o.a.j.t.JMeterThread: Thread is done: Grupo de Usuários 1-18
2020-06-29 11:57:37,170 INFO o.a.j.t.JMeterThread: Thread finished: Grupo de Usuários 1-18
2020-06-29 11:57:37,195 INFO o.a.j.t.JMeterThread: Thread is done: Grupo de Usuários 1-48
2020-06-29 11:57:37,195 INFO o.a.j.t.JMeterThread: Thread finished: Grupo de Usuários 1-48
2020-06-29 11:57:37,197 INFO o.a.j.t.JMeterThread: Thread is done: Grupo de Usuários 1-4
2020-06-29 11:57:37,197 INFO o.a.j.t.JMeterThread: Thread finished: Grupo de Usuários 1-4
2020-06-29 11:57:37,290 INFO o.a.j.t.JMeterThread: Thread is done: Grupo de Usuários 1-49
2020-06-29 11:57:37,290 INFO o.a.j.t.JMeterThread: Thread finished: Grupo de Usuários 1-49
2020-06-29 11:57:37,332 INFO o.a.j.t.JMeterThread: Thread is done: Grupo de Usuários 1-30
2020-06-29 11:57:37,332 INFO o.a.j.t.JMeterThread: Thread finished: Grupo de Usuários 1-30
2020-06-29 11:57:37,342 INFO o.a.j.t.JMeterThread: Thread is done: Grupo de Usuários 1-1
2020-06-29 11:57:37,342 INFO o.a.j.t.JMeterThread: Thread finished: Grupo de Usuários 1-1
2020-06-29 11:57:37,426 INFO o.a.j.t.JMeterThread: Thread is done: Grupo de Usuários 1-20
2020-06-29 11:57:37,426 INFO o.a.j.t.JMeterThread: Thread finished: Grupo de Usuários 1-20
2020-06-29 11:57:37,440 INFO o.a.j.t.JMeterThread: Thread is done: Grupo de Usuários 1-46
2020-06-29 11:57:37,440 INFO o.a.j.t.JMeterThread: Thread finished: Grupo de Usuários 1-46
2020-06-29 11:57:37,444 INFO o.a.j.t.JMeterThread: Thread is done: Grupo de Usuários 1-16
2020-06-29 11:57:37,444 INFO o.a.j.t.JMeterThread: Thread finished: Grupo de Usuários 1-16
2020-06-29 11:57:37,491 INFO o.a.j.t.JMeterThread: Thread is done: Grupo de Usuários 1-3
2020-06-29 11:57:37,491 INFO o.a.j.t.JMeterThread: Thread finished: Grupo de Usuários 1-3
2020-06-29 11:57:37,525 INFO o.a.j.t.JMeterThread: Thread is done: Grupo de Usuários 1-28
2020-06-29 11:57:37,526 INFO o.a.j.t.JMeterThread: Thread finished: Grupo de Usuários 1-28
2020-06-29 11:57:37,574 INFO o.a.j.t.JMeterThread: Thread is done: Grupo de Usuários 1-35
2020-06-29 11:57:37,574 INFO o.a.j.t.JMeterThread: Thread finished: Grupo de Usuários 1-35
2020-06-29 11:57:37,620 INFO o.a.j.t.JMeterThread: Thread is done: Grupo de Usuários 1-26
2020-06-29 11:57:37,620 INFO o.a.j.t.JMeterThread: Thread finished: Grupo de Usuários 1-26
2020-06-29 11:57:37,710 INFO o.a.j.t.JMeterThread: Thread is done: Grupo de Usuários 1-40
2020-06-29 11:57:37,710 INFO o.a.j.t.JMeterThread: Thread finished: Grupo de Usuários 1-40
2020-06-29 11:57:37,936 INFO o.a.j.t.JMeterThread: Thread is done: Grupo de Usuários 1-13
2020-06-29 11:57:37,936 INFO o.a.j.t.JMeterThread: Thread finished: Grupo de Usuários 1-13
2020-06-29 11:57:38,456 INFO o.a.j.t.JMeterThread: Thread is done: Grupo de Usuários 1-9
2020-06-29 11:57:38,456 INFO o.a.j.t.JMeterThread: Thread finished: Grupo de Usuários 1-9
2020-06-29 11:57:38,566 INFO o.a.j.t.JMeterThread: Thread is done: Grupo de Usuários 1-12
2020-06-29 11:57:38,566 INFO o.a.j.t.JMeterThread: Thread finished: Grupo de Usuários 1-12
2020-06-29 11:57:38,745 INFO o.a.j.t.JMeterThread: Thread is done: Grupo de Usuários 1-36
2020-06-29 11:57:38,745 INFO o.a.j.t.JMeterThread: Thread finished: Grupo de Usuários 1-36
2020-06-29 11:57:38,778 INFO o.a.j.t.JMeterThread: Thread is done: Grupo de Usuários 1-31
2020-06-29 11:57:38,778 INFO o.a.j.t.JMeterThread: Thread finished: Grupo de Usuários 1-31
2020-06-29 11:57:38,789 INFO o.a.j.t.JMeterThread: Thread is done: Grupo de Usuários 1-29
2020-06-29 11:57:38,789 INFO o.a.j.t.JMeterThread: Thread finished: Grupo de Usuários 1-29
2020-06-29 11:57:38,820 INFO o.a.j.t.JMeterThread: Thread is done: Grupo de Usuários 1-24
2020-06-29 11:57:38,820 INFO o.a.j.t.JMeterThread: Thread finished: Grupo de Usuários 1-24
2020-06-29 11:57:38,920 INFO o.a.j.t.JMeterThread: Thread is done: Grupo de Usuários 1-11
2020-06-29 11:57:38,920 INFO o.a.j.t.JMeterThread: Thread finished: Grupo de Usuários 1-11
2020-06-29 11:57:38,932 INFO o.a.j.t.JMeterThread: Thread is done: Grupo de Usuários 1-2
2020-06-29 11:57:38,932 INFO o.a.j.t.JMeterThread: Thread finished: Grupo de Usuários 1-2
2020-06-29 11:57:39,201 INFO o.a.j.t.JMeterThread: Thread is done: Grupo de Usuários 1-45
2020-06-29 11:57:39,201 INFO o.a.j.t.JMeterThread: Thread finished: Grupo de Usuários 1-45
2020-06-29 11:57:39,310 INFO o.a.j.t.JMeterThread: Thread is done: Grupo de Usuários 1-6
2020-06-29 11:57:39,310 INFO o.a.j.t.JMeterThread: Thread finished: Grupo de Usuários 1-6
2020-06-29 11:57:42,982 INFO o.a.j.t.JMeterThread: Thread is done: Grupo de Usuários 1-19
2020-06-29 11:57:42,982 INFO o.a.j.t.JMeterThread: Thread finished: Grupo de Usuários 1-19
2020-06-29 11:57:43,295 INFO o.a.j.t.JMeterThread: Thread is done: Grupo de Usuários 1-38
2020-06-29 11:57:43,295 INFO o.a.j.t.JMeterThread: Thread finished: Grupo de Usuários 1-38
2020-06-29 11:57:47,608 INFO o.a.j.t.JMeterThread: Thread is done: Grupo de Usuários 1-5
2020-06-29 11:57:47,608 INFO o.a.j.t.JMeterThread: Thread finished: Grupo de Usuários 1-5
2020-06-29 11:57:47,608 INFO o.a.j.e.StandardJMeterEngine: Notifying test listeners of end of test
2020-06-29 11:57:47,609 INFO o.a.j.r.Summariser: summary +     57 in 00:00:17 =    3.3/s Avg:  9138 Min:  4648 Max: 21004 Err:     1 (1.75%) Active: 0 Started: 50 Finished: 50
2020-06-29 11:57:47,610 INFO o.a.j.r.Summariser: summary =    100 in 00:00:24 =    4.2/s Avg:  6521 Min:  1375 Max: 21004 Err:     1 (1.00%)
2020-06-29 11:57:47,610 INFO o.a.j.JMeter: Generating Dashboard
2020-06-29 11:57:47,611 INFO o.a.j.r.d.ReportGenerator: Flushing result collector before report Generation
2020-06-29 11:57:47,621 INFO o.a.j.r.p.NormalizerSampleConsumer: Using format, 'ms', to parse timeStamp field
2020-06-29 11:57:47,713 INFO o.a.j.r.p.AbstractSampleConsumer: class org.apache.jmeter.report.processor.AggregateConsumer#stopProducing(): beginDate produced 0 samples
2020-06-29 11:57:47,713 INFO o.a.j.r.p.AbstractSampleConsumer: class org.apache.jmeter.report.processor.AggregateConsumer#stopProducing(): endDate produced 0 samples
2020-06-29 11:57:47,714 INFO o.a.j.r.p.AbstractSampleConsumer: class org.apache.jmeter.report.processor.ApdexSummaryConsumer#stopProducing(): apdexSummary produced 0 samples
2020-06-29 11:57:47,714 INFO o.a.j.r.p.AbstractSampleConsumer: class org.apache.jmeter.report.processor.RequestsSummaryConsumer#stopProducing(): requestsSummary produced 0 samples
2020-06-29 11:57:47,719 INFO o.a.j.r.p.AbstractSampleConsumer: class org.apache.jmeter.report.processor.StatisticsSummaryConsumer#stopProducing(): statisticsSummary produced 0 samples
2020-06-29 11:57:47,723 INFO o.a.j.r.p.AbstractSampleConsumer: class org.apache.jmeter.report.processor.Top5ErrorsBySamplerConsumer#stopProducing(): top5ErrorsBySampler produced 0 samples
2020-06-29 11:57:47,723 INFO o.a.j.r.p.AbstractSampleConsumer: class org.apache.jmeter.report.processor.ErrorsSummaryConsumer#stopProducing(): errorsSummary produced 0 samples
2020-06-29 11:57:47,723 INFO o.a.j.r.p.AbstractSampleConsumer: class org.apache.jmeter.report.processor.graph.impl.HitsPerSecondGraphConsumer#stopProducing(): hitsPerSecond produced 0 samples
2020-06-29 11:57:47,738 INFO o.a.j.r.p.AbstractSampleConsumer: class org.apache.jmeter.report.processor.graph.impl.LatencyVSRequestGraphConsumer#stopProducing(): latencyVsRequest produced 0 samples
2020-06-29 11:57:47,739 INFO o.a.j.r.p.AbstractSampleConsumer: class org.apache.jmeter.report.processor.graph.impl.SyntheticResponseTimeDistributionGraphConsumer#stopProducing(): syntheticResponseTimeDistribution produced 0 samples
2020-06-29 11:57:47,739 INFO o.a.j.r.p.AbstractSampleConsumer: class org.apache.jmeter.report.processor.graph.impl.BytesThroughputGraphConsumer#stopProducing(): bytesThroughputOverTime produced 0 samples
2020-06-29 11:57:47,739 INFO o.a.j.r.p.AbstractSampleConsumer: class org.apache.jmeter.report.processor.graph.impl.CodesPerSecondGraphConsumer#stopProducing(): codesPerSecond produced 0 samples
2020-06-29 11:57:47,747 INFO o.a.j.r.p.AbstractSampleConsumer: class org.apache.jmeter.report.processor.graph.impl.ResponseTimeVSRequestGraphConsumer#stopProducing(): responseTimeVsRequest produced 0 samples
2020-06-29 11:57:47,748 INFO o.a.j.r.p.AbstractSampleConsumer: class org.apache.jmeter.report.processor.FilterConsumer#stopProducing(): startIntervalControlerFilter produced 1729 samples
2020-06-29 11:57:47,748 INFO o.a.j.r.p.AbstractSampleConsumer: class org.apache.jmeter.report.processor.graph.impl.TotalTPSGraphConsumer#stopProducing(): totalTPS produced 0 samples
2020-06-29 11:57:47,748 INFO o.a.j.r.p.AbstractSampleConsumer: class org.apache.jmeter.report.processor.graph.impl.ActiveThreadsGraphConsumer#stopProducing(): activeThreadsOverTime produced 0 samples
2020-06-29 11:57:47,748 INFO o.a.j.r.p.AbstractSampleConsumer: class org.apache.jmeter.report.processor.graph.impl.TimeVSThreadGraphConsumer#stopProducing(): timeVsThreads produced 0 samples
2020-06-29 11:57:47,749 INFO o.a.j.r.p.AbstractSampleConsumer: class org.apache.jmeter.report.processor.graph.impl.ResponseTimeDistributionGraphConsumer#stopProducing(): responseTimeDistribution produced 0 samples
2020-06-29 11:57:47,749 INFO o.a.j.r.p.AbstractSampleConsumer: class org.apache.jmeter.report.processor.graph.impl.TransactionsPerSecondGraphConsumer#stopProducing(): transactionsPerSecond produced 0 samples
2020-06-29 11:57:47,749 INFO o.a.j.r.p.AbstractSampleConsumer: class org.apache.jmeter.report.processor.graph.impl.ResponseTimePercentilesGraphConsumer#stopProducing(): responseTimePercentiles produced 0 samples
2020-06-29 11:57:47,752 INFO o.a.j.r.p.AbstractSampleConsumer: class org.apache.jmeter.report.processor.graph.impl.ResponseTimePercentilesOverTimeGraphConsumer#stopProducing(): responseTimePercentilesOverTime produced 0 samples
2020-06-29 11:57:47,753 INFO o.a.j.r.p.AbstractSampleConsumer: class org.apache.jmeter.report.processor.graph.impl.ResponseTimeOverTimeGraphConsumer#stopProducing(): responseTimesOverTime produced 0 samples
2020-06-29 11:57:47,753 INFO o.a.j.r.p.AbstractSampleConsumer: class org.apache.jmeter.report.processor.graph.impl.ConnectTimeOverTimeGraphConsumer#stopProducing(): connectTimeOverTime produced 0 samples
2020-06-29 11:57:47,753 INFO o.a.j.r.p.AbstractSampleConsumer: class org.apache.jmeter.report.processor.graph.impl.LatencyOverTimeGraphConsumer#stopProducing(): latenciesOverTime produced 0 samples
2020-06-29 11:57:47,753 INFO o.a.j.r.p.AbstractSampleConsumer: class org.apache.jmeter.report.processor.FilterConsumer#stopProducing(): nameFilter produced 3705 samples
2020-06-29 11:57:47,753 INFO o.a.j.r.p.AbstractSampleConsumer: class org.apache.jmeter.report.processor.FilterConsumer#stopProducing(): dateRangeFilter produced 741 samples
2020-06-29 11:57:47,753 INFO o.a.j.r.p.AbstractSampleConsumer: class org.apache.jmeter.report.processor.NormalizerSampleConsumer#stopProducing(): normalizer produced 247 samples
2020-06-29 11:57:47,754 INFO o.a.j.r.p.CsvFileSampleSource: produce(): 247 samples produced in 112ms on channel 0
2020-06-29 11:57:47,754 INFO o.a.j.r.d.ReportGenerator: Exporting data using exporter:'json' of className:'org.apache.jmeter.report.dashboard.JsonExporter'
2020-06-29 11:57:47,755 INFO o.a.j.r.d.JsonExporter: Found data for consumer statisticsSummary in context
2020-06-29 11:57:47,755 INFO o.a.j.r.d.JsonExporter: Creating statistics for overall
2020-06-29 11:57:47,756 INFO o.a.j.r.d.JsonExporter: Creating statistics for other transactions
2020-06-29 11:57:47,756 INFO o.a.j.r.d.JsonExporter: Checking output folder
2020-06-29 11:57:47,757 INFO o.a.j.r.d.JsonExporter: Writing statistics JSON to C:\Users\gnome\Desktop\curso_performance_test\nossaDash\statistics.json
2020-06-29 11:57:47,895 INFO o.a.j.r.d.ReportGenerator: Exporting data using exporter:'html' of className:'org.apache.jmeter.report.dashboard.HtmlTemplateExporter'
2020-06-29 11:57:47,898 INFO o.a.j.r.d.HtmlTemplateExporter: Will generate dashboard in folder: C:\Users\gnome\Desktop\curso_performance_test\nossaDash
2020-06-29 11:57:47,962 INFO o.a.j.r.d.HtmlTemplateExporter: Report will be generated in: C:\Users\gnome\Desktop\curso_performance_test\nossaDash, creating folder structure
2020-06-29 11:57:47,965 INFO o.a.j.r.d.TemplateVisitor: Copying folder from 'C:\jmeter\bin\report-template' to 'C:\Users\gnome\Desktop\curso_performance_test\nossaDash', got message:[C:\Users\gnome\Desktop\curso_performance_test\nossaDash\statistics.json], found non empty folder with following content {}, will be ignored
2020-06-29 11:57:48,419 INFO o.a.j.JMeter: Dashboard generated
